#
# There is insufficient memory for the Java Runtime Environment to continue.
# Native memory allocation (mmap) failed to map 1048576 bytes. Error detail: G1 virtual space
# Possible reasons:
#   The system is out of physical RAM or swap space
#   This process is running with CompressedOops enabled, and the Java Heap may be blocking the growth of the native heap
# Possible solutions:
#   Reduce memory load on the system
#   Increase physical memory or swap space
#   Check if swap backing store is full
#   Decrease Java heap size (-Xmx/-Xms)
#   Decrease number of Java threads
#   Decrease Java thread stack sizes (-Xss)
#   Set larger code cache with -XX:ReservedCodeCacheSize=
#   JVM is running with Unscaled Compressed Oops mode in which the Java heap is
#     placed in the first 4GB address space. The Java Heap base address is the
#     maximum limit for the native heap growth. Please use -XX:HeapBaseMinAddress
#     to set the Java Heap base and to place the Java Heap above 4GB virtual address.
# This output file may be truncated or incomplete.
#
#  Out of Memory Error (os_windows.cpp:3925), pid=12408, tid=27984
#
# JRE version: OpenJDK Runtime Environment (21.0.8) (build 21.0.8+-14196175-b1038.72)
# Java VM: OpenJDK 64-Bit Server VM (21.0.8+-14196175-b1038.72, mixed mode, tiered, compressed oops, compressed class ptrs, g1 gc, windows-amd64)
# No core dump will be written. Minidumps are not enabled by default on client versions of Windows
#

---------------  S U M M A R Y ------------

Command Line: --add-opens=java.base/java.lang=ALL-UNNAMED --add-opens=java.base/java.lang.invoke=ALL-UNNAMED --add-opens=java.base/java.util=ALL-UNNAMED --add-opens=java.prefs/java.util.prefs=ALL-UNNAMED --add-exports=jdk.compiler/com.sun.tools.javac.api=ALL-UNNAMED --add-exports=jdk.compiler/com.sun.tools.javac.util=ALL-UNNAMED --add-opens=java.base/java.util=ALL-UNNAMED --add-opens=java.prefs/java.util.prefs=ALL-UNNAMED --add-opens=java.base/java.nio.charset=ALL-UNNAMED --add-opens=java.base/java.net=ALL-UNNAMED --add-opens=java.base/java.util.concurrent.atomic=ALL-UNNAMED --add-opens=java.xml/javax.xml.namespace=ALL-UNNAMED -XX:MaxMetaspaceSize=256m -Xmx1024m -Dfile.encoding=UTF-8 -Duser.country=HR -Duser.language=hr -Duser.variant -javaagent:C:\Users\Luka\.gradle\wrapper\dists\gradle-8.14.3-bin\cv11ve7ro1n3o1j4so8xd9n66\gradle-8.14.3\lib\agents\gradle-instrumentation-agent-8.14.3.jar org.gradle.launcher.daemon.bootstrap.GradleDaemon 8.14.3

Host: AMD Ryzen 5 5500U with Radeon Graphics         , 12 cores, 15G,  Windows 11 , 64 bit Build 26100 (10.0.26100.7623)
Time: Thu Feb 19 18:56:16 2026 Srednja Europa - st. vrij. elapsed time: 15.118410 seconds (0d 0h 0m 15s)

---------------  T H R E A D  ---------------

Current thread (0x00000144feab1ee0):  WorkerThread "GC Thread#6"    [id=27984, stack(0x00000011ec900000,0x00000011eca00000) (1024K)]

Stack: [0x00000011ec900000,0x00000011eca00000]
Native frames: (J=compiled Java code, j=interpreted, Vv=VM code, C=native code)
V  [jvm.dll+0x6d68d9]
V  [jvm.dll+0x866693]
V  [jvm.dll+0x868c4e]
V  [jvm.dll+0x869333]
V  [jvm.dll+0x280566]
V  [jvm.dll+0x6d3195]
V  [jvm.dll+0x6c69ea]
V  [jvm.dll+0x3586db]
V  [jvm.dll+0x360336]
V  [jvm.dll+0x3b20fb]
V  [jvm.dll+0x3b27b4]
V  [jvm.dll+0x3b287d]
V  [jvm.dll+0x32c5bc]
V  [jvm.dll+0x32c318]
V  [jvm.dll+0x31aed6]
V  [jvm.dll+0x31bd6a]
V  [jvm.dll+0x31c295]
V  [jvm.dll+0x31bbcd]
V  [jvm.dll+0x35a56a]
V  [jvm.dll+0x35a8e6]
V  [jvm.dll+0x35ba2a]
V  [jvm.dll+0x35b6a4]
V  [jvm.dll+0x36fcd9]
V  [jvm.dll+0x37039a]
V  [jvm.dll+0x370497]
V  [jvm.dll+0x37139b]
V  [jvm.dll+0x894454]
V  [jvm.dll+0x80eac8]
V  [jvm.dll+0x6d512d]
C  [ucrtbase.dll+0x37b0]
C  [KERNEL32.DLL+0x2e8d7]
C  [ntdll.dll+0x8c53c]


---------------  P R O C E S S  ---------------

Threads class SMR info:
_java_thread_list=0x00000144fed576b0, length=37, elements={
0x00000144f511e380, 0x00000144fc94e420, 0x00000144fc9779e0, 0x00000144fc978440,
0x00000144fc9a1f80, 0x00000144fc9ab370, 0x00000144fc9ab9e0, 0x00000144fc9ac440,
0x00000144fc9bd1e0, 0x00000144fc983ab0, 0x00000144fcdcfd30, 0x00000144fe8bdf30,
0x00000144feac1820, 0x00000144fea39c50, 0x00000144fe9250f0, 0x00000144fe925f80,
0x00000144fea8a0a0, 0x00000144fe952930, 0x00000144fea88840, 0x00000144fea87b20,
0x00000144fea860e0, 0x00000144fea87490, 0x00000144fea86770, 0x00000144fea89560,
0x00000144fea881b0, 0x00000144fea88ed0, 0x0000014493030d90, 0x0000014493031420,
0x0000014493032140, 0x00000144930327d0, 0x0000014493033b80, 0x00000144930334f0,
0x0000014493030700, 0x0000014493034f30, 0x0000014493035c50, 0x00000144930362e0,
0x0000014493036970
}

Java Threads: ( => current thread )
  0x00000144f511e380 JavaThread "main"                              [_thread_blocked, id=15628, stack(0x00000011eb000000,0x00000011eb100000) (1024K)]
  0x00000144fc94e420 JavaThread "Common-Cleaner"             daemon [_thread_blocked, id=22516, stack(0x00000011eb800000,0x00000011eb900000) (1024K)]
  0x00000144fc9779e0 JavaThread "Reference Handler"          daemon [_thread_blocked, id=8276, stack(0x00000011eb900000,0x00000011eba00000) (1024K)]
  0x00000144fc978440 JavaThread "Finalizer"                  daemon [_thread_blocked, id=1928, stack(0x00000011eba00000,0x00000011ebb00000) (1024K)]
  0x00000144fc9a1f80 JavaThread "Signal Dispatcher"          daemon [_thread_blocked, id=29040, stack(0x00000011ebb00000,0x00000011ebc00000) (1024K)]
  0x00000144fc9ab370 JavaThread "Attach Listener"            daemon [_thread_blocked, id=6004, stack(0x00000011ebc00000,0x00000011ebd00000) (1024K)]
  0x00000144fc9ab9e0 JavaThread "Service Thread"             daemon [_thread_blocked, id=11328, stack(0x00000011ebd00000,0x00000011ebe00000) (1024K)]
  0x00000144fc9ac440 JavaThread "Monitor Deflation Thread"   daemon [_thread_blocked, id=28840, stack(0x00000011ebe00000,0x00000011ebf00000) (1024K)]
  0x00000144fc9bd1e0 JavaThread "C2 CompilerThread0"         daemon [_thread_blocked, id=11840, stack(0x00000011ebf00000,0x00000011ec000000) (1024K)]
  0x00000144fc983ab0 JavaThread "C1 CompilerThread0"         daemon [_thread_blocked, id=15860, stack(0x00000011ec000000,0x00000011ec100000) (1024K)]
  0x00000144fcdcfd30 JavaThread "Notification Thread"        daemon [_thread_blocked, id=28364, stack(0x00000011ec100000,0x00000011ec200000) (1024K)]
  0x00000144fe8bdf30 JavaThread "Daemon health stats"               [_thread_blocked, id=18464, stack(0x00000011ec300000,0x00000011ec400000) (1024K)]
  0x00000144feac1820 JavaThread "Incoming local TCP Connector on port 58572"        [_thread_in_native, id=11748, stack(0x00000011ecd00000,0x00000011ece00000) (1024K)]
  0x00000144fea39c50 JavaThread "Daemon periodic checks"            [_thread_blocked, id=18620, stack(0x00000011ece00000,0x00000011ecf00000) (1024K)]
  0x00000144fe9250f0 JavaThread "Daemon"                            [_thread_blocked, id=12124, stack(0x00000011ecf00000,0x00000011ed000000) (1024K)]
  0x00000144fe925f80 JavaThread "Handler for socket connection from /127.0.0.1:58572 to /127.0.0.1:58573"        [_thread_in_native, id=25616, stack(0x00000011ed000000,0x00000011ed100000) (1024K)]
  0x00000144fea8a0a0 JavaThread "Cancel handler"                    [_thread_blocked, id=32504, stack(0x00000011ed100000,0x00000011ed200000) (1024K)]
  0x00000144fe952930 JavaThread "Daemon worker"                     [_thread_blocked, id=33404, stack(0x00000011ed200000,0x00000011ed300000) (1024K)]
  0x00000144fea88840 JavaThread "Asynchronous log dispatcher for DefaultDaemonConnection: socket connection from /127.0.0.1:58572 to /127.0.0.1:58573"        [_thread_blocked, id=22436, stack(0x00000011ed300000,0x00000011ed400000) (1024K)]
  0x00000144fea87b20 JavaThread "Stdin handler"                     [_thread_blocked, id=17624, stack(0x00000011ed400000,0x00000011ed500000) (1024K)]
  0x00000144fea860e0 JavaThread "Daemon client event forwarder"        [_thread_blocked, id=17108, stack(0x00000011ed500000,0x00000011ed600000) (1024K)]
  0x00000144fea87490 JavaThread "Cache worker for journal cache (C:\Users\Luka\.gradle\caches\journal-1)"        [_thread_blocked, id=32692, stack(0x00000011ed800000,0x00000011ed900000) (1024K)]
  0x00000144fea86770 JavaThread "File lock request listener"        [_thread_in_native, id=1352, stack(0x00000011ed900000,0x00000011eda00000) (1024K)]
  0x00000144fea89560 JavaThread "Cache worker for file hash cache (C:\Users\Luka\.gradle\caches\8.14.3\fileHashes)"        [_thread_blocked, id=25252, stack(0x00000011eda00000,0x00000011edb00000) (1024K)]
  0x00000144fea881b0 JavaThread "Cache worker for file hash cache (C:\Users\Luka\Desktop\mc\StepXP\android\.gradle\8.14.3\fileHashes)"        [_thread_blocked, id=2640, stack(0x00000011edc00000,0x00000011edd00000) (1024K)]
  0x00000144fea88ed0 JavaThread "Cache worker for Build Output Cleanup Cache (C:\Users\Luka\Desktop\mc\StepXP\android\.gradle\buildOutputCleanup)"        [_thread_blocked, id=25504, stack(0x00000011edd00000,0x00000011ede00000) (1024K)]
  0x0000014493030d90 JavaThread "File watcher server"        daemon [_thread_in_native, id=15380, stack(0x00000011ede00000,0x00000011edf00000) (1024K)]
  0x0000014493031420 JavaThread "File watcher consumer"      daemon [_thread_blocked, id=5908, stack(0x00000011edf00000,0x00000011ee000000) (1024K)]
  0x0000014493032140 JavaThread "jar transforms"                    [_thread_blocked, id=13004, stack(0x00000011ee000000,0x00000011ee100000) (1024K)]
  0x00000144930327d0 JavaThread "Cache worker for checksums cache (C:\Users\Luka\Desktop\mc\StepXP\android\.gradle\8.14.3\checksums)"        [_thread_blocked, id=32488, stack(0x00000011ee100000,0x00000011ee200000) (1024K)]
  0x0000014493033b80 JavaThread "Cache worker for file content cache (C:\Users\Luka\.gradle\caches\8.14.3\fileContent)"        [_thread_blocked, id=27852, stack(0x00000011ee200000,0x00000011ee300000) (1024K)]
  0x00000144930334f0 JavaThread "Exec process"                      [_thread_blocked, id=18012, stack(0x00000011ee300000,0x00000011ee400000) (1024K)]
  0x0000014493030700 JavaThread "Exec process Thread 2"             [_thread_blocked, id=9252, stack(0x00000011ee400000,0x00000011ee500000) (1024K)]
  0x0000014493034f30 JavaThread "Exec process Thread 3"             [_thread_blocked, id=18440, stack(0x00000011ee500000,0x00000011ee600000) (1024K)]
  0x0000014493035c50 JavaThread "Cache worker for cache directory md-supplier (C:\Users\Luka\.gradle\caches\8.14.3\md-supplier)"        [_thread_blocked, id=29744, stack(0x00000011ee600000,0x00000011ee700000) (1024K)]
  0x00000144930362e0 JavaThread "Cache worker for cache directory md-rule (C:\Users\Luka\.gradle\caches\8.14.3\md-rule)"        [_thread_blocked, id=29748, stack(0x00000011ee700000,0x00000011ee800000) (1024K)]
  0x0000014493036970 JavaThread "Cache worker for Build Output Cleanup Cache (C:\Users\Luka\Desktop\mc\StepXP\node_modules\@react-native\gradle-plugin\.gradle\buildOutputCleanup)"        [_thread_blocked, id=30120, stack(0x00000011ee800000,0x00000011ee900000) (1024K)]
Total: 37

Other Threads:
  0x00000144fc921670 VMThread "VM Thread"                           [id=30868, stack(0x00000011eb700000,0x00000011eb800000) (1024K)]
  0x00000144fc08fbc0 WatcherThread "VM Periodic Task Thread"        [id=20924, stack(0x00000011eb600000,0x00000011eb700000) (1024K)]
  0x00000144f51589b0 WorkerThread "GC Thread#0"                     [id=28068, stack(0x00000011eb100000,0x00000011eb200000) (1024K)]
  0x00000144fcdcf110 WorkerThread "GC Thread#1"                     [id=24188, stack(0x00000011ec400000,0x00000011ec500000) (1024K)]
  0x00000144fd1ffaf0 WorkerThread "GC Thread#2"                     [id=23272, stack(0x00000011ec500000,0x00000011ec600000) (1024K)]
  0x00000144fd1ffe90 WorkerThread "GC Thread#3"                     [id=2280, stack(0x00000011ec600000,0x00000011ec700000) (1024K)]
  0x00000144fd200230 WorkerThread "GC Thread#4"                     [id=14684, stack(0x00000011ec700000,0x00000011ec800000) (1024K)]
  0x00000144fe8b9b30 WorkerThread "GC Thread#5"                     [id=12188, stack(0x00000011ec800000,0x00000011ec900000) (1024K)]
=>0x00000144feab1ee0 WorkerThread "GC Thread#6"                     [id=27984, stack(0x00000011ec900000,0x00000011eca00000) (1024K)]
  0x00000144feab2280 WorkerThread "GC Thread#7"                     [id=22708, stack(0x00000011eca00000,0x00000011ecb00000) (1024K)]
  0x00000144feab4240 WorkerThread "GC Thread#8"                     [id=8712, stack(0x00000011ecb00000,0x00000011ecc00000) (1024K)]
  0x00000144feab3ea0 WorkerThread "GC Thread#9"                     [id=23740, stack(0x00000011ecc00000,0x00000011ecd00000) (1024K)]
  0x00000144f5180ef0 ConcurrentGCThread "G1 Main Marker"            [id=9748, stack(0x00000011eb200000,0x00000011eb300000) (1024K)]
  0x00000144f5183f60 WorkerThread "G1 Conc#0"                       [id=15088, stack(0x00000011eb300000,0x00000011eb400000) (1024K)]
  0x00000144feab45e0 WorkerThread "G1 Conc#1"                       [id=11092, stack(0x00000011ed600000,0x00000011ed700000) (1024K)]
  0x00000144feab33c0 WorkerThread "G1 Conc#2"                       [id=4620, stack(0x00000011ed700000,0x00000011ed800000) (1024K)]
  0x00000144f51de410 ConcurrentGCThread "G1 Refine#0"               [id=20192, stack(0x00000011eb400000,0x00000011eb500000) (1024K)]
  0x00000144fbfece60 ConcurrentGCThread "G1 Service"                [id=30100, stack(0x00000011eb500000,0x00000011eb600000) (1024K)]
Total: 18

Threads with active compile tasks:
Total: 0

VM state: at safepoint (normal execution)

VM Mutex/Monitor currently owned by a thread:  ([mutex/lock_event])
[0x00007ffaaca45f38] FreeList_lock - owner thread: 0x00000144feab1ee0
[0x00007ffaaca485b8] Threads_lock - owner thread: 0x00000144fc921670
[0x00007ffaaca486b8] Heap_lock - owner thread: 0x00000144fe952930

Heap address: 0x00000000c0000000, size: 1024 MB, Compressed Oops mode: 32-bit

CDS archive(s) not mapped
Compressed class space mapped at: 0x0000000100000000-0x000000010d000000, reserved size: 218103808
Narrow klass base: 0x0000000000000000, Narrow klass shift: 3, Narrow klass range: 0x10d000000

GC Precious Log:
 CardTable entry size: 512
 Card Set container configuration: InlinePtr #cards 5 size 8 Array Of Cards #cards 12 size 40 Howl #buckets 4 coarsen threshold 1843 Howl Bitmap #cards 512 size 80 coarsen threshold 460 Card regions per heap region 1 cards per card region 2048
 CPUs: 12 total, 12 available
 Memory: 15706M
 Large Page Support: Disabled
 NUMA Support: Disabled
 Compressed Oops: Enabled (32-bit)
 Heap Region Size: 1M
 Heap Min Capacity: 8M
 Heap Initial Capacity: 246M
 Heap Max Capacity: 1G
 Pre-touch: Disabled
 Parallel Workers: 10
 Concurrent Workers: 3
 Concurrent Refinement Workers: 10
 Periodic GC: Disabled

Heap:
 garbage-first heap   total 106496K, used 99593K [0x00000000c0000000, 0x0000000100000000)
  region size 1024K, 39 young (39936K), 3 survivors (3072K)
 Metaspace       used 82950K, committed 84480K, reserved 344064K
  class space    used 11441K, committed 12160K, reserved 212992K

Heap Regions: E=young(eden), S=young(survivor), O=old, HS=humongous(starts), HC=humongous(continues), CS=collection set, F=free, TAMS=top-at-mark-start, PB=parsable bottom
|   0|0x00000000c0000000, 0x00000000c0100000, 0x00000000c0100000|100%|HS|  |TAMS 0x00000000c0000000| PB 0x00000000c0000000| Complete 
|   1|0x00000000c0100000, 0x00000000c0200000, 0x00000000c0200000|100%|HC|  |TAMS 0x00000000c0100000| PB 0x00000000c0100000| Complete 
|   2|0x00000000c0200000, 0x00000000c0300000, 0x00000000c0300000|100%|HC|  |TAMS 0x00000000c0200000| PB 0x00000000c0200000| Complete 
|   3|0x00000000c0300000, 0x00000000c0400000, 0x00000000c0400000|100%| O|  |TAMS 0x00000000c0300000| PB 0x00000000c0300000| Untracked 
|   4|0x00000000c0400000, 0x00000000c0500000, 0x00000000c0500000|100%| O|  |TAMS 0x00000000c0400000| PB 0x00000000c0400000| Untracked 
|   5|0x00000000c0500000, 0x00000000c0600000, 0x00000000c0600000|100%| O|  |TAMS 0x00000000c0500000| PB 0x00000000c0500000| Untracked 
|   6|0x00000000c0600000, 0x00000000c0700000, 0x00000000c0700000|100%|HS|  |TAMS 0x00000000c0600000| PB 0x00000000c0600000| Complete 
|   7|0x00000000c0700000, 0x00000000c0800000, 0x00000000c0800000|100%| O|  |TAMS 0x00000000c0700000| PB 0x00000000c0700000| Untracked 
|   8|0x00000000c0800000, 0x00000000c0900000, 0x00000000c0900000|100%| O|  |TAMS 0x00000000c0800000| PB 0x00000000c0800000| Untracked 
|   9|0x00000000c0900000, 0x00000000c0a00000, 0x00000000c0a00000|100%| O|  |TAMS 0x00000000c0900000| PB 0x00000000c0900000| Untracked 
|  10|0x00000000c0a00000, 0x00000000c0b00000, 0x00000000c0b00000|100%| O|  |TAMS 0x00000000c0a00000| PB 0x00000000c0a00000| Untracked 
|  11|0x00000000c0b00000, 0x00000000c0c00000, 0x00000000c0c00000|100%| O|  |TAMS 0x00000000c0b00000| PB 0x00000000c0b00000| Untracked 
|  12|0x00000000c0c00000, 0x00000000c0d00000, 0x00000000c0d00000|100%| O|  |TAMS 0x00000000c0c00000| PB 0x00000000c0c00000| Untracked 
|  13|0x00000000c0d00000, 0x00000000c0e00000, 0x00000000c0e00000|100%| O|  |TAMS 0x00000000c0d00000| PB 0x00000000c0d00000| Untracked 
|  14|0x00000000c0e00000, 0x00000000c0f00000, 0x00000000c0f00000|100%| O|  |TAMS 0x00000000c0e00000| PB 0x00000000c0e00000| Untracked 
|  15|0x00000000c0f00000, 0x00000000c1000000, 0x00000000c1000000|100%| O|  |TAMS 0x00000000c0f00000| PB 0x00000000c0f00000| Untracked 
|  16|0x00000000c1000000, 0x00000000c1100000, 0x00000000c1100000|100%| O|  |TAMS 0x00000000c1000000| PB 0x00000000c1000000| Untracked 
|  17|0x00000000c1100000, 0x00000000c1200000, 0x00000000c1200000|100%| O|  |TAMS 0x00000000c1100000| PB 0x00000000c1100000| Untracked 
|  18|0x00000000c1200000, 0x00000000c1300000, 0x00000000c1300000|100%| O|  |TAMS 0x00000000c1200000| PB 0x00000000c1200000| Untracked 
|  19|0x00000000c1300000, 0x00000000c1400000, 0x00000000c1400000|100%| O|  |TAMS 0x00000000c1300000| PB 0x00000000c1300000| Untracked 
|  20|0x00000000c1400000, 0x00000000c1500000, 0x00000000c1500000|100%| O|  |TAMS 0x00000000c1400000| PB 0x00000000c1400000| Untracked 
|  21|0x00000000c1500000, 0x00000000c1600000, 0x00000000c1600000|100%| O|  |TAMS 0x00000000c1500000| PB 0x00000000c1500000| Untracked 
|  22|0x00000000c1600000, 0x00000000c1700000, 0x00000000c1700000|100%| O|  |TAMS 0x00000000c1600000| PB 0x00000000c1600000| Untracked 
|  23|0x00000000c1700000, 0x00000000c1800000, 0x00000000c1800000|100%| O|  |TAMS 0x00000000c1700000| PB 0x00000000c1700000| Untracked 
|  24|0x00000000c1800000, 0x00000000c1900000, 0x00000000c1900000|100%|HS|  |TAMS 0x00000000c1800000| PB 0x00000000c1800000| Complete 
|  25|0x00000000c1900000, 0x00000000c1a00000, 0x00000000c1a00000|100%| O|  |TAMS 0x00000000c1900000| PB 0x00000000c1900000| Untracked 
|  26|0x00000000c1a00000, 0x00000000c1b00000, 0x00000000c1b00000|100%| O|  |TAMS 0x00000000c1a00000| PB 0x00000000c1a00000| Untracked 
|  27|0x00000000c1b00000, 0x00000000c1c00000, 0x00000000c1c00000|100%| O|  |TAMS 0x00000000c1b00000| PB 0x00000000c1b00000| Untracked 
|  28|0x00000000c1c00000, 0x00000000c1d00000, 0x00000000c1d00000|100%| O|  |TAMS 0x00000000c1c00000| PB 0x00000000c1c00000| Untracked 
|  29|0x00000000c1d00000, 0x00000000c1e00000, 0x00000000c1e00000|100%| O|  |TAMS 0x00000000c1d00000| PB 0x00000000c1d00000| Untracked 
|  30|0x00000000c1e00000, 0x00000000c1f00000, 0x00000000c1f00000|100%| O|  |TAMS 0x00000000c1e00000| PB 0x00000000c1e00000| Untracked 
|  31|0x00000000c1f00000, 0x00000000c2000000, 0x00000000c2000000|100%| O|  |TAMS 0x00000000c1f00000| PB 0x00000000c1f00000| Untracked 
|  32|0x00000000c2000000, 0x00000000c2100000, 0x00000000c2100000|100%| O|  |TAMS 0x00000000c2000000| PB 0x00000000c2000000| Untracked 
|  33|0x00000000c2100000, 0x00000000c2200000, 0x00000000c2200000|100%| O|  |TAMS 0x00000000c2100000| PB 0x00000000c2100000| Untracked 
|  34|0x00000000c2200000, 0x00000000c2300000, 0x00000000c2300000|100%| O|  |TAMS 0x00000000c2200000| PB 0x00000000c2200000| Untracked 
|  35|0x00000000c2300000, 0x00000000c2400000, 0x00000000c2400000|100%| O|  |TAMS 0x00000000c2300000| PB 0x00000000c2300000| Untracked 
|  36|0x00000000c2400000, 0x00000000c2500000, 0x00000000c2500000|100%| O|  |TAMS 0x00000000c2400000| PB 0x00000000c2400000| Untracked 
|  37|0x00000000c2500000, 0x00000000c2540cf8, 0x00000000c2600000| 25%| O|  |TAMS 0x00000000c2500000| PB 0x00000000c2500000| Untracked 
|  38|0x00000000c2600000, 0x00000000c2700000, 0x00000000c2700000|100%| S|  |TAMS 0x00000000c2600000| PB 0x00000000c2600000| Complete 
|  39|0x00000000c2700000, 0x00000000c2800000, 0x00000000c2800000|100%| O|  |TAMS 0x00000000c2700000| PB 0x00000000c2700000| Untracked 
|  40|0x00000000c2800000, 0x00000000c2900000, 0x00000000c2900000|100%| O|  |TAMS 0x00000000c2800000| PB 0x00000000c2800000| Untracked 
|  41|0x00000000c2900000, 0x00000000c2a00000, 0x00000000c2a00000|100%| O|  |TAMS 0x00000000c2900000| PB 0x00000000c2900000| Untracked 
|  42|0x00000000c2a00000, 0x00000000c2b00000, 0x00000000c2b00000|100%| O|  |TAMS 0x00000000c2a00000| PB 0x00000000c2a00000| Untracked 
|  43|0x00000000c2b00000, 0x00000000c2c00000, 0x00000000c2c00000|100%| O|  |TAMS 0x00000000c2b00000| PB 0x00000000c2b00000| Untracked 
|  44|0x00000000c2c00000, 0x00000000c2d00000, 0x00000000c2d00000|100%| O|  |TAMS 0x00000000c2c00000| PB 0x00000000c2c00000| Untracked 
|  45|0x00000000c2d00000, 0x00000000c2e00000, 0x00000000c2e00000|100%| O|  |TAMS 0x00000000c2d00000| PB 0x00000000c2d00000| Untracked 
|  46|0x00000000c2e00000, 0x00000000c2f00000, 0x00000000c2f00000|100%|HS|  |TAMS 0x00000000c2e00000| PB 0x00000000c2e00000| Complete 
|  47|0x00000000c2f00000, 0x00000000c3000000, 0x00000000c3000000|100%|HC|  |TAMS 0x00000000c2f00000| PB 0x00000000c2f00000| Complete 
|  48|0x00000000c3000000, 0x00000000c3100000, 0x00000000c3100000|100%|HC|  |TAMS 0x00000000c3000000| PB 0x00000000c3000000| Complete 
|  49|0x00000000c3100000, 0x00000000c3200000, 0x00000000c3200000|100%|HC|  |TAMS 0x00000000c3100000| PB 0x00000000c3100000| Complete 
|  50|0x00000000c3200000, 0x00000000c3300000, 0x00000000c3300000|100%|HC|  |TAMS 0x00000000c3200000| PB 0x00000000c3200000| Complete 
|  51|0x00000000c3300000, 0x00000000c3400000, 0x00000000c3400000|100%|HC|  |TAMS 0x00000000c3300000| PB 0x00000000c3300000| Complete 
|  52|0x00000000c3400000, 0x00000000c3500000, 0x00000000c3500000|100%| S|  |TAMS 0x00000000c3400000| PB 0x00000000c3400000| Complete 
|  53|0x00000000c3500000, 0x00000000c3600000, 0x00000000c3600000|100%| S|  |TAMS 0x00000000c3500000| PB 0x00000000c3500000| Complete 
|  54|0x00000000c3600000, 0x00000000c3700000, 0x00000000c3700000|100%| E|CS|TAMS 0x00000000c3600000| PB 0x00000000c3600000| Complete 
|  55|0x00000000c3700000, 0x00000000c3800000, 0x00000000c3800000|100%| E|CS|TAMS 0x00000000c3700000| PB 0x00000000c3700000| Complete 
|  56|0x00000000c3800000, 0x00000000c3900000, 0x00000000c3900000|100%| E|CS|TAMS 0x00000000c3800000| PB 0x00000000c3800000| Complete 
|  57|0x00000000c3900000, 0x00000000c3a00000, 0x00000000c3a00000|100%| E|CS|TAMS 0x00000000c3900000| PB 0x00000000c3900000| Complete 
|  58|0x00000000c3a00000, 0x00000000c3b00000, 0x00000000c3b00000|100%| E|CS|TAMS 0x00000000c3a00000| PB 0x00000000c3a00000| Complete 
|  59|0x00000000c3b00000, 0x00000000c3c00000, 0x00000000c3c00000|100%| E|CS|TAMS 0x00000000c3b00000| PB 0x00000000c3b00000| Complete 
|  60|0x00000000c3c00000, 0x00000000c3d00000, 0x00000000c3d00000|100%| E|CS|TAMS 0x00000000c3c00000| PB 0x00000000c3c00000| Complete 
|  61|0x00000000c3d00000, 0x00000000c3e00000, 0x00000000c3e00000|100%| E|CS|TAMS 0x00000000c3d00000| PB 0x00000000c3d00000| Complete 
|  62|0x00000000c3e00000, 0x00000000c3f00000, 0x00000000c3f00000|100%| E|CS|TAMS 0x00000000c3e00000| PB 0x00000000c3e00000| Complete 
|  63|0x00000000c3f00000, 0x00000000c4000000, 0x00000000c4000000|100%| E|CS|TAMS 0x00000000c3f00000| PB 0x00000000c3f00000| Complete 
|  64|0x00000000c4000000, 0x00000000c4100000, 0x00000000c4100000|100%| E|CS|TAMS 0x00000000c4000000| PB 0x00000000c4000000| Complete 
|  65|0x00000000c4100000, 0x00000000c4200000, 0x00000000c4200000|100%| E|CS|TAMS 0x00000000c4100000| PB 0x00000000c4100000| Complete 
|  66|0x00000000c4200000, 0x00000000c4300000, 0x00000000c4300000|100%| E|CS|TAMS 0x00000000c4200000| PB 0x00000000c4200000| Complete 
|  67|0x00000000c4300000, 0x00000000c4400000, 0x00000000c4400000|100%| E|CS|TAMS 0x00000000c4300000| PB 0x00000000c4300000| Complete 
|  68|0x00000000c4400000, 0x00000000c4500000, 0x00000000c4500000|100%| E|CS|TAMS 0x00000000c4400000| PB 0x00000000c4400000| Complete 
|  69|0x00000000c4500000, 0x00000000c4600000, 0x00000000c4600000|100%| E|CS|TAMS 0x00000000c4500000| PB 0x00000000c4500000| Complete 
|  70|0x00000000c4600000, 0x00000000c4700000, 0x00000000c4700000|100%| E|CS|TAMS 0x00000000c4600000| PB 0x00000000c4600000| Complete 
|  71|0x00000000c4700000, 0x00000000c4800000, 0x00000000c4800000|100%| E|CS|TAMS 0x00000000c4700000| PB 0x00000000c4700000| Complete 
|  72|0x00000000c4800000, 0x00000000c4900000, 0x00000000c4900000|100%| E|CS|TAMS 0x00000000c4800000| PB 0x00000000c4800000| Complete 
|  73|0x00000000c4900000, 0x00000000c4a00000, 0x00000000c4a00000|100%| E|CS|TAMS 0x00000000c4900000| PB 0x00000000c4900000| Complete 
|  74|0x00000000c4a00000, 0x00000000c4b00000, 0x00000000c4b00000|100%| E|CS|TAMS 0x00000000c4a00000| PB 0x00000000c4a00000| Complete 
|  75|0x00000000c4b00000, 0x00000000c4c00000, 0x00000000c4c00000|100%| E|CS|TAMS 0x00000000c4b00000| PB 0x00000000c4b00000| Complete 
|  76|0x00000000c4c00000, 0x00000000c4d00000, 0x00000000c4d00000|100%| E|CS|TAMS 0x00000000c4c00000| PB 0x00000000c4c00000| Complete 
|  77|0x00000000c4d00000, 0x00000000c4e00000, 0x00000000c4e00000|100%| E|CS|TAMS 0x00000000c4d00000| PB 0x00000000c4d00000| Complete 
|  78|0x00000000c4e00000, 0x00000000c4f00000, 0x00000000c4f00000|100%| E|CS|TAMS 0x00000000c4e00000| PB 0x00000000c4e00000| Complete 
|  79|0x00000000c4f00000, 0x00000000c5000000, 0x00000000c5000000|100%| E|CS|TAMS 0x00000000c4f00000| PB 0x00000000c4f00000| Complete 
|  80|0x00000000c5000000, 0x00000000c5100000, 0x00000000c5100000|100%| E|CS|TAMS 0x00000000c5000000| PB 0x00000000c5000000| Complete 
| 218|0x00000000cda00000, 0x00000000cda64f78, 0x00000000cdb00000| 39%| E|CS|TAMS 0x00000000cda00000| PB 0x00000000cda00000| Complete 
| 219|0x00000000cdb00000, 0x00000000cdc00000, 0x00000000cdc00000|100%| E|CS|TAMS 0x00000000cdb00000| PB 0x00000000cdb00000| Complete 
| 220|0x00000000cdc00000, 0x00000000cdd00000, 0x00000000cdd00000|100%| E|CS|TAMS 0x00000000cdc00000| PB 0x00000000cdc00000| Complete 
| 221|0x00000000cdd00000, 0x00000000cde00000, 0x00000000cde00000|100%| E|CS|TAMS 0x00000000cdd00000| PB 0x00000000cdd00000| Complete 
| 222|0x00000000cde00000, 0x00000000cdf00000, 0x00000000cdf00000|100%| E|CS|TAMS 0x00000000cde00000| PB 0x00000000cde00000| Complete 
| 223|0x00000000cdf00000, 0x00000000ce000000, 0x00000000ce000000|100%| E|CS|TAMS 0x00000000cdf00000| PB 0x00000000cdf00000| Complete 
| 224|0x00000000ce000000, 0x00000000ce100000, 0x00000000ce100000|100%| E|CS|TAMS 0x00000000ce000000| PB 0x00000000ce000000| Complete 
| 225|0x00000000ce100000, 0x00000000ce200000, 0x00000000ce200000|100%| E|CS|TAMS 0x00000000ce100000| PB 0x00000000ce100000| Complete 
| 226|0x00000000ce200000, 0x00000000ce300000, 0x00000000ce300000|100%| E|CS|TAMS 0x00000000ce200000| PB 0x00000000ce200000| Complete 
| 227|0x00000000ce300000, 0x00000000ce400000, 0x00000000ce400000|100%| E|CS|TAMS 0x00000000ce300000| PB 0x00000000ce300000| Complete 
| 228|0x00000000ce400000, 0x00000000ce500000, 0x00000000ce500000|100%| E|CS|TAMS 0x00000000ce400000| PB 0x00000000ce400000| Complete 
| 229|0x00000000ce500000, 0x00000000ce600000, 0x00000000ce600000|100%| E|CS|TAMS 0x00000000ce500000| PB 0x00000000ce500000| Complete 
| 245|0x00000000cf500000, 0x00000000cf600000, 0x00000000cf600000|100%| E|CS|TAMS 0x00000000cf500000| PB 0x00000000cf500000| Complete 
|1014|0x00000000ff600000, 0x00000000ff700000, 0x00000000ff700000|100%| O|  |TAMS 0x00000000ff600000| PB 0x00000000ff600000| Untracked 
|1015|0x00000000ff700000, 0x00000000ff800000, 0x00000000ff800000|100%| O|Cm|TAMS 0x00000000ff700000| PB 0x00000000ff700000| Complete 
|1016|0x00000000ff800000, 0x00000000ff900000, 0x00000000ff900000|100%| O|Cm|TAMS 0x00000000ff800000| PB 0x00000000ff800000| Complete 
|1017|0x00000000ff900000, 0x00000000ffa00000, 0x00000000ffa00000|100%| O|  |TAMS 0x00000000ff900000| PB 0x00000000ff900000| Untracked 
|1018|0x00000000ffa00000, 0x00000000ffb00000, 0x00000000ffb00000|100%| O|  |TAMS 0x00000000ffa00000| PB 0x00000000ffa00000| Untracked 
|1019|0x00000000ffb00000, 0x00000000ffc00000, 0x00000000ffc00000|100%| O|  |TAMS 0x00000000ffb00000| PB 0x00000000ffb00000| Untracked 
|1020|0x00000000ffc00000, 0x00000000ffd00000, 0x00000000ffd00000|100%| O|  |TAMS 0x00000000ffc00000| PB 0x00000000ffc00000| Untracked 
|1021|0x00000000ffd00000, 0x00000000ffe00000, 0x00000000ffe00000|100%| O|  |TAMS 0x00000000ffd00000| PB 0x00000000ffd00000| Untracked 
|1022|0x00000000ffe00000, 0x00000000fff00000, 0x00000000fff00000|100%| O|  |TAMS 0x00000000ffe00000| PB 0x00000000ffe00000| Untracked 
|1023|0x00000000fff00000, 0x0000000100000000, 0x0000000100000000|100%| O|  |TAMS 0x00000000fff00000| PB 0x00000000fff00000| Untracked 

Card table byte_map: [0x00000144f89c0000,0x00000144f8bc0000] _byte_map_base: 0x00000144f83c0000

Marking Bits: (CMBitMap*) 0x00000144f51597d0
 Bits: [0x00000144f8bc0000, 0x00000144f9bc0000)

Polling page: 0x00000144f2f60000

Metaspace:

Usage:
  Non-class:     69.83 MB used.
      Class:     11.17 MB used.
       Both:     81.01 MB used.

Virtual space:
  Non-class space:      128.00 MB reserved,      70.62 MB ( 55%) committed,  2 nodes.
      Class space:      208.00 MB reserved,      11.88 MB (  6%) committed,  1 nodes.
             Both:      336.00 MB reserved,      82.50 MB ( 25%) committed. 

Chunk freelists:
   Non-Class:  8.67 MB
       Class:  4.03 MB
        Both:  12.70 MB

MaxMetaspaceSize: 256.00 MB
CompressedClassSpaceSize: 208.00 MB
Initial GC threshold: 21.00 MB
Current GC threshold: 131.25 MB
CDS: off
 - commit_granule_bytes: 65536.
 - commit_granule_words: 8192.
 - virtual_space_node_default_size: 8388608.
 - enlarge_chunks_in_place: 1.
 - use_allocation_guard: 0.


Internal statistics:

num_allocs_failed_limit: 6.
num_arena_births: 2716.
num_arena_deaths: 0.
num_vsnodes_births: 3.
num_vsnodes_deaths: 0.
num_space_committed: 1318.
num_space_uncommitted: 0.
num_chunks_returned_to_freelist: 6.
num_chunks_taken_from_freelist: 5709.
num_chunk_merges: 6.
num_chunk_splits: 3980.
num_chunks_enlarged: 2781.
num_inconsistent_stats: 0.

CodeHeap 'non-profiled nmethods': size=120000Kb used=3151Kb max_used=3151Kb free=116848Kb
 bounds [0x0000014487ad0000, 0x0000014487df0000, 0x000001448f000000]
CodeHeap 'profiled nmethods': size=120000Kb used=9088Kb max_used=9088Kb free=110911Kb
 bounds [0x0000014480000000, 0x00000144808f0000, 0x0000014487530000]
CodeHeap 'non-nmethods': size=5760Kb used=2792Kb max_used=2812Kb free=2967Kb
 bounds [0x0000014487530000, 0x0000014487800000, 0x0000014487ad0000]
CodeCache: size=245760Kb, used=15031Kb, max_used=15051Kb, free=230726Kb
 total_blobs=5836, nmethods=4909, adapters=831, full_count=0
Compilation: enabled, stopped_count=0, restarted_count=0

Compilation events (20 events):
Event: 11.773 Thread 0x00000144fc983ab0 5893       3       org.jetbrains.kotlin.container.CacheKt::getInfo (14 bytes)
Event: 11.773 Thread 0x00000144fc983ab0 nmethod 5893 0x00000144808d4510 code [0x00000144808d4740, 0x00000144808d4ce0]
Event: 11.773 Thread 0x00000144fc983ab0 5894       3       org.jetbrains.kotlin.container.ClassTraversalCache::getClassInfo (43 bytes)
Event: 11.774 Thread 0x00000144fc983ab0 nmethod 5894 0x00000144808d4f10 code [0x00000144808d5180, 0x00000144808d5a58]
Event: 11.788 Thread 0x00000144fc9bd1e0 5895       4       kotlin.jvm.internal.ArrayIterator::hasNext (18 bytes)
Event: 11.788 Thread 0x00000144fc9bd1e0 nmethod 5895 0x0000014487de3b10 code [0x0000014487de3ca0, 0x0000014487de3d50]
Event: 11.808 Thread 0x00000144fc983ab0 5896       3       org.jetbrains.kotlin.container.CacheKt::getConstructorInfo (250 bytes)
Event: 11.810 Thread 0x00000144fc983ab0 nmethod 5896 0x00000144808d5d90 code [0x00000144808d6560, 0x00000144808dad08]
Event: 11.811 Thread 0x00000144fc983ab0 5897       3       org.jetbrains.kotlin.container.CacheKt::getRegistrations (114 bytes)
Event: 11.811 Thread 0x00000144fc983ab0 nmethod 5897 0x00000144808dc610 code [0x00000144808dc8e0, 0x00000144808dd4a0]
Event: 11.811 Thread 0x00000144fc983ab0 5898       3       kotlin.sequences.SequencesKt__SequencesKt::generateSequence (42 bytes)
Event: 11.812 Thread 0x00000144fc983ab0 nmethod 5898 0x00000144808dd890 code [0x00000144808ddb80, 0x00000144808deb78]
Event: 12.080 Thread 0x00000144fc983ab0 5899       3       java.util.stream.ReferencePipeline$Head::forEach (26 bytes)
Event: 12.080 Thread 0x00000144fc983ab0 nmethod 5899 0x00000144808df110 code [0x00000144808df340, 0x00000144808dfa50]
Event: 12.080 Thread 0x00000144fc983ab0 5900       3       java.util.stream.AbstractPipeline::sourceStageSpliterator (112 bytes)
Event: 13.088 Thread 0x00000144fc983ab0 nmethod 5900 0x00000144808dfd10 code [0x00000144808dff40, 0x00000144808e0600]
Event: 13.105 Thread 0x00000144fc983ab0 5901   !   3       java.util.stream.ReferencePipeline$7$1::accept (127 bytes)
Event: 13.106 Thread 0x00000144fc983ab0 nmethod 5901 0x00000144808e0890 code [0x00000144808e0b20, 0x00000144808e19b8]
Event: 13.106 Thread 0x00000144fc983ab0 5902       3       java.util.stream.AbstractPipeline::sequential (10 bytes)
Event: 13.106 Thread 0x00000144fc983ab0 nmethod 5902 0x0000014480023790 code [0x0000014480023920, 0x0000014480023a38]

GC Heap History (20 events):
Event: 6.271 GC heap after
{Heap after GC invocations=12 (full 0):
 garbage-first heap   total 76800K, used 34970K [0x00000000c0000000, 0x0000000100000000)
  region size 1024K, 5 young (5120K), 5 survivors (5120K)
 Metaspace       used 49055K, committed 50112K, reserved 278528K
  class space    used 6674K, committed 7168K, reserved 212992K
}
Event: 6.893 GC heap before
{Heap before GC invocations=12 (full 0):
 garbage-first heap   total 76800K, used 65690K [0x00000000c0000000, 0x0000000100000000)
  region size 1024K, 35 young (35840K), 5 survivors (5120K)
 Metaspace       used 52761K, committed 54144K, reserved 278528K
  class space    used 7319K, committed 8000K, reserved 212992K
}
Event: 6.897 GC heap after
{Heap after GC invocations=13 (full 0):
 garbage-first heap   total 76800K, used 37046K [0x00000000c0000000, 0x0000000100000000)
  region size 1024K, 2 young (2048K), 2 survivors (2048K)
 Metaspace       used 52761K, committed 54144K, reserved 278528K
  class space    used 7319K, committed 8000K, reserved 212992K
}
Event: 6.941 GC heap before
{Heap before GC invocations=13 (full 0):
 garbage-first heap   total 76800K, used 39094K [0x00000000c0000000, 0x0000000100000000)
  region size 1024K, 6 young (6144K), 2 survivors (2048K)
 Metaspace       used 53085K, committed 54464K, reserved 278528K
  class space    used 7352K, committed 8000K, reserved 212992K
}
Event: 6.943 GC heap after
{Heap after GC invocations=14 (full 0):
 garbage-first heap   total 76800K, used 37529K [0x00000000c0000000, 0x0000000100000000)
  region size 1024K, 3 young (3072K), 3 survivors (3072K)
 Metaspace       used 53085K, committed 54464K, reserved 278528K
  class space    used 7352K, committed 8000K, reserved 212992K
}
Event: 7.152 GC heap before
{Heap before GC invocations=15 (full 0):
 garbage-first heap   total 76800K, used 69273K [0x00000000c0000000, 0x0000000100000000)
  region size 1024K, 32 young (32768K), 3 survivors (3072K)
 Metaspace       used 54222K, committed 55552K, reserved 278528K
  class space    used 7425K, committed 8064K, reserved 212992K
}
Event: 7.155 GC heap after
{Heap after GC invocations=16 (full 0):
 garbage-first heap   total 92160K, used 37651K [0x00000000c0000000, 0x0000000100000000)
  region size 1024K, 1 young (1024K), 1 survivors (1024K)
 Metaspace       used 54222K, committed 55552K, reserved 278528K
  class space    used 7425K, committed 8064K, reserved 212992K
}
Event: 7.911 GC heap before
{Heap before GC invocations=16 (full 0):
 garbage-first heap   total 92160K, used 82707K [0x00000000c0000000, 0x0000000100000000)
  region size 1024K, 45 young (46080K), 1 survivors (1024K)
 Metaspace       used 61411K, committed 62784K, reserved 278528K
  class space    used 8830K, committed 9472K, reserved 212992K
}
Event: 7.914 GC heap after
{Heap after GC invocations=17 (full 0):
 garbage-first heap   total 92160K, used 38522K [0x00000000c0000000, 0x0000000100000000)
  region size 1024K, 3 young (3072K), 3 survivors (3072K)
 Metaspace       used 61411K, committed 62784K, reserved 278528K
  class space    used 8830K, committed 9472K, reserved 212992K
}
Event: 8.607 GC heap before
{Heap before GC invocations=17 (full 0):
 garbage-first heap   total 92160K, used 82554K [0x00000000c0000000, 0x0000000100000000)
  region size 1024K, 46 young (47104K), 3 survivors (3072K)
 Metaspace       used 67727K, committed 69120K, reserved 278528K
  class space    used 9656K, committed 10304K, reserved 212992K
}
Event: 8.609 GC heap after
{Heap after GC invocations=18 (full 0):
 garbage-first heap   total 92160K, used 39601K [0x00000000c0000000, 0x0000000100000000)
  region size 1024K, 4 young (4096K), 4 survivors (4096K)
 Metaspace       used 67727K, committed 69120K, reserved 278528K
  class space    used 9656K, committed 10304K, reserved 212992K
}
Event: 9.197 GC heap before
{Heap before GC invocations=18 (full 0):
 garbage-first heap   total 92160K, used 81585K [0x00000000c0000000, 0x0000000100000000)
  region size 1024K, 45 young (46080K), 4 survivors (4096K)
 Metaspace       used 73765K, committed 75264K, reserved 278528K
  class space    used 10399K, committed 11136K, reserved 212992K
}
Event: 9.201 GC heap after
{Heap after GC invocations=19 (full 0):
 garbage-first heap   total 92160K, used 40824K [0x00000000c0000000, 0x0000000100000000)
  region size 1024K, 5 young (5120K), 5 survivors (5120K)
 Metaspace       used 73765K, committed 75264K, reserved 278528K
  class space    used 10399K, committed 11136K, reserved 212992K
}
Event: 9.489 GC heap before
{Heap before GC invocations=20 (full 0):
 garbage-first heap   total 92160K, used 87928K [0x00000000c0000000, 0x0000000100000000)
  region size 1024K, 44 young (45056K), 5 survivors (5120K)
 Metaspace       used 74906K, committed 76416K, reserved 344064K
  class space    used 10542K, committed 11264K, reserved 212992K
}
Event: 9.671 GC heap after
{Heap after GC invocations=21 (full 0):
 garbage-first heap   total 105472K, used 59940K [0x00000000c0000000, 0x0000000100000000)
  region size 1024K, 6 young (6144K), 6 survivors (6144K)
 Metaspace       used 74906K, committed 76416K, reserved 344064K
  class space    used 10542K, committed 11264K, reserved 212992K
}
Event: 10.095 GC heap before
{Heap before GC invocations=21 (full 0):
 garbage-first heap   total 105472K, used 90660K [0x00000000c0000000, 0x0000000100000000)
  region size 1024K, 36 young (36864K), 6 survivors (6144K)
 Metaspace       used 78093K, committed 79552K, reserved 344064K
  class space    used 10938K, committed 11648K, reserved 212992K
}
Event: 10.100 GC heap after
{Heap after GC invocations=22 (full 0):
 garbage-first heap   total 105472K, used 55896K [0x00000000c0000000, 0x0000000100000000)
  region size 1024K, 3 young (3072K), 3 survivors (3072K)
 Metaspace       used 78093K, committed 79552K, reserved 344064K
  class space    used 10938K, committed 11648K, reserved 212992K
}
Event: 10.213 GC heap before
{Heap before GC invocations=22 (full 0):
 garbage-first heap   total 105472K, used 64088K [0x00000000c0000000, 0x0000000100000000)
  region size 1024K, 12 young (12288K), 3 survivors (3072K)
 Metaspace       used 79030K, committed 80512K, reserved 344064K
  class space    used 11038K, committed 11776K, reserved 212992K
}
Event: 10.215 GC heap after
{Heap after GC invocations=23 (full 0):
 garbage-first heap   total 105472K, used 56585K [0x00000000c0000000, 0x0000000100000000)
  region size 1024K, 4 young (4096K), 4 survivors (4096K)
 Metaspace       used 79030K, committed 80512K, reserved 344064K
  class space    used 11038K, committed 11776K, reserved 212992K
}
Event: 13.110 GC heap before
{Heap before GC invocations=24 (full 0):
 garbage-first heap   total 106496K, used 99593K [0x00000000c0000000, 0x0000000100000000)
  region size 1024K, 40 young (40960K), 4 survivors (4096K)
 Metaspace       used 82950K, committed 84480K, reserved 344064K
  class space    used 11441K, committed 12160K, reserved 212992K
}

Dll operation events (3 events):
Event: 0.010 Loaded shared library C:\Program Files\Android\Android Studio\jbr\bin\java.dll
Event: 0.018 Loaded shared library C:\Program Files\Android\Android Studio\jbr\bin\zip.dll
Event: 0.649 Loaded shared library C:\Program Files\Android\Android Studio\jbr\bin\verify.dll

Deoptimization events (20 events):
Event: 10.241 Thread 0x00000144fe952930 Uncommon trap: trap_request=0xffffffde fr.pc=0x0000014487c350a0 relative=0x00000000000004a0
Event: 10.241 Thread 0x00000144fe952930 Uncommon trap: reason=class_check action=maybe_recompile pc=0x0000014487c350a0 method=org.jetbrains.kotlin.protobuf.CodedInputStream.tryRefillBuffer(I)Z @ 177 c2
Event: 10.241 Thread 0x00000144fe952930 DEOPT PACKING pc=0x0000014487c350a0 sp=0x00000011ed2f28c0
Event: 10.241 Thread 0x00000144fe952930 DEOPT UNPACKING pc=0x00000144875846a2 sp=0x00000011ed2f27a8 mode 2
Event: 10.246 Thread 0x00000144fe952930 Uncommon trap: trap_request=0xffffffde fr.pc=0x0000014487c350a0 relative=0x00000000000004a0
Event: 10.246 Thread 0x00000144fe952930 Uncommon trap: reason=class_check action=maybe_recompile pc=0x0000014487c350a0 method=org.jetbrains.kotlin.protobuf.CodedInputStream.tryRefillBuffer(I)Z @ 177 c2
Event: 10.246 Thread 0x00000144fe952930 DEOPT PACKING pc=0x0000014487c350a0 sp=0x00000011ed2f28c0
Event: 10.246 Thread 0x00000144fe952930 DEOPT UNPACKING pc=0x00000144875846a2 sp=0x00000011ed2f27a8 mode 2
Event: 10.246 Thread 0x00000144fe952930 Uncommon trap: trap_request=0xffffffde fr.pc=0x0000014487c350a0 relative=0x00000000000004a0
Event: 10.246 Thread 0x00000144fe952930 Uncommon trap: reason=class_check action=maybe_recompile pc=0x0000014487c350a0 method=org.jetbrains.kotlin.protobuf.CodedInputStream.tryRefillBuffer(I)Z @ 177 c2
Event: 10.246 Thread 0x00000144fe952930 DEOPT PACKING pc=0x0000014487c350a0 sp=0x00000011ed2f28c0
Event: 10.246 Thread 0x00000144fe952930 DEOPT UNPACKING pc=0x00000144875846a2 sp=0x00000011ed2f27a8 mode 2
Event: 11.395 Thread 0x00000144fe952930 Uncommon trap: trap_request=0xffffff76 fr.pc=0x0000014487c4b9fc relative=0x00000000000001dc
Event: 11.395 Thread 0x00000144fe952930 Uncommon trap: reason=predicate action=maybe_recompile pc=0x0000014487c4b9fc method=java.util.LinkedHashMap.keysToArray([Ljava/lang/Object;Z)[Ljava/lang/Object; @ 53 c2
Event: 11.395 Thread 0x00000144fe952930 DEOPT PACKING pc=0x0000014487c4b9fc sp=0x00000011ed2eeac0
Event: 11.395 Thread 0x00000144fe952930 DEOPT UNPACKING pc=0x00000144875846a2 sp=0x00000011ed2eea70 mode 2
Event: 11.395 Thread 0x00000144fe952930 Uncommon trap: trap_request=0xffffffbe fr.pc=0x0000014487c8708c relative=0x000000000000026c
Event: 11.395 Thread 0x00000144fe952930 Uncommon trap: reason=profile_predicate action=maybe_recompile pc=0x0000014487c8708c method=java.util.LinkedHashMap.keysToArray([Ljava/lang/Object;Z)[Ljava/lang/Object; @ 51 c2
Event: 11.395 Thread 0x00000144fe952930 DEOPT PACKING pc=0x0000014487c8708c sp=0x00000011ed2eeac0
Event: 11.396 Thread 0x00000144fe952930 DEOPT UNPACKING pc=0x00000144875846a2 sp=0x00000011ed2eea78 mode 2

Classes loaded (20 events):
Event: 9.094 Loading class sun/nio/cs/MS1251
Event: 9.094 Loading class sun/nio/cs/MS1251 done
Event: 9.286 Loading class java/beans/PropertyChangeSupport
Event: 9.286 Loading class java/beans/PropertyChangeSupport done
Event: 9.286 Loading class java/beans/PropertyChangeSupport$PropertyChangeListenerMap
Event: 9.286 Loading class java/beans/ChangeListenerMap
Event: 9.286 Loading class java/beans/ChangeListenerMap done
Event: 9.286 Loading class java/beans/PropertyChangeSupport$PropertyChangeListenerMap done
Event: 9.321 Loading class java/util/zip/ZipFile$ZipEntryIterator
Event: 9.321 Loading class java/util/zip/ZipFile$ZipEntryIterator done
Event: 9.759 Loading class java/util/regex/Pattern$Bound
Event: 9.759 Loading class java/util/regex/Pattern$Bound done
Event: 9.760 Loading class java/util/regex/Pattern$LookBehindEndNode
Event: 9.760 Loading class java/util/regex/Pattern$LookBehindEndNode done
Event: 9.760 Loading class java/util/regex/Pattern$NotBehind
Event: 9.760 Loading class java/util/regex/Pattern$NotBehind done
Event: 13.105 Loading class java/util/concurrent/LinkedBlockingDeque$Itr
Event: 13.105 Loading class java/util/concurrent/LinkedBlockingDeque$AbstractItr
Event: 13.105 Loading class java/util/concurrent/LinkedBlockingDeque$AbstractItr done
Event: 13.105 Loading class java/util/concurrent/LinkedBlockingDeque$Itr done

Classes unloaded (0 events):
No events

Classes redefined (0 events):
No events

Internal exceptions (20 events):
Event: 8.252 Thread 0x00000144fe952930 Exception <a 'sun/nio/fs/WindowsException'{0x00000000c43b2138}> (0x00000000c43b2138) 
thrown [s\src\hotspot\share\prims\jni.cpp, line 537]
Event: 8.318 Thread 0x00000144fe952930 Exception <a 'java/lang/NoSuchMethodError'{0x00000000c3fbfa10}: 'long java.lang.invoke.DirectMethodHandle$Holder.invokeStatic(java.lang.Object)'> (0x00000000c3fbfa10) 
thrown [s\src\hotspot\share\interpreter\linkResolver.cpp, line 784]
Event: 8.319 Thread 0x00000144fe952930 Exception <a 'java/lang/NoSuchMethodError'{0x00000000c3fc48c0}: 'long java.lang.invoke.DirectMethodHandle$Holder.invokeStaticInit(java.lang.Object)'> (0x00000000c3fc48c0) 
thrown [s\src\hotspot\share\interpreter\linkResolver.cpp, line 784]
Event: 8.381 Thread 0x00000144fe952930 Exception <a 'java/lang/NoSuchMethodError'{0x00000000c3a0da40}: 'void java.lang.invoke.DirectMethodHandle$Holder.invokeStaticInit(java.lang.Object)'> (0x00000000c3a0da40) 
thrown [s\src\hotspot\share\interpreter\linkResolver.cpp, line 784]
Event: 8.390 Thread 0x00000144fe952930 Exception <a 'java/lang/NoSuchMethodError'{0x00000000c3a9aa08}: 'void java.lang.invoke.DelegatingMethodHandle$Holder.reinvoke_L(java.lang.Object, java.lang.Object, java.lang.Object, long, java.lang.Object)'> (0x00000000c3a9aa08) 
thrown [s\src\hotspot\share\interpreter\linkResolver.cpp, line 784]
Event: 8.391 Thread 0x00000144fe952930 Exception <a 'java/lang/NoSuchMethodError'{0x00000000c3aa3378}: 'java.lang.Object java.lang.invoke.DirectMethodHandle$Holder.invokeSpecial(java.lang.Object, java.lang.Object, java.lang.Object, java.lang.Object, long)'> (0x00000000c3aa3378) 
thrown [s\src\hotspot\share\interpreter\linkResolver.cpp, line 784]
Event: 8.391 Thread 0x00000144fe952930 Exception <a 'java/lang/NoSuchMethodError'{0x00000000c3ab36f8}: 'int java.lang.invoke.DelegatingMethodHandle$Holder.reinvoke_L(java.lang.Object, java.lang.Object, java.lang.Object, long, java.lang.Object, java.lang.Object)'> (0x00000000c3ab36f8) 
thrown [s\src\hotspot\share\interpreter\linkResolver.cpp, line 784]
Event: 8.392 Thread 0x00000144fe952930 Exception <a 'java/lang/NoSuchMethodError'{0x00000000c3ac3388}: 'int java.lang.invoke.DelegatingMethodHandle$Holder.reinvoke_L(java.lang.Object, java.lang.Object, java.lang.Object, long, int, int)'> (0x00000000c3ac3388) 
thrown [s\src\hotspot\share\interpreter\linkResolver.cpp, line 784]
Event: 8.392 Thread 0x00000144fe952930 Exception <a 'java/lang/NoSuchMethodError'{0x00000000c3ad2dc8}: 'int java.lang.invoke.DelegatingMethodHandle$Holder.reinvoke_L(java.lang.Object, java.lang.Object, java.lang.Object, long, long, long)'> (0x00000000c3ad2dc8) 
thrown [s\src\hotspot\share\interpreter\linkResolver.cpp, line 784]
Event: 8.393 Thread 0x00000144fe952930 Exception <a 'java/lang/NoSuchMethodError'{0x00000000c3ae24b0}: 'int java.lang.invoke.DelegatingMethodHandle$Holder.reinvoke_L(java.lang.Object, java.lang.Object, java.lang.Object, long, int)'> (0x00000000c3ae24b0) 
thrown [s\src\hotspot\share\interpreter\linkResolver.cpp, line 784]
Event: 8.394 Thread 0x00000144fe952930 Exception <a 'java/lang/NoSuchMethodError'{0x00000000c3af90f0}: 'void java.lang.invoke.DelegatingMethodHandle$Holder.reinvoke_L(java.lang.Object, java.lang.Object, java.lang.Object, long, java.lang.Object, long, long)'> (0x00000000c3af90f0) 
thrown [s\src\hotspot\share\interpreter\linkResolver.cpp, line 784]
Event: 8.395 Thread 0x00000144fe952930 Exception <a 'java/lang/NoSuchMethodError'{0x00000000c3901800}: 'long java.lang.invoke.Invokers$Holder.invokeExact_MT(java.lang.Object, java.lang.Object, java.lang.Object)'> (0x00000000c3901800) 
thrown [s\src\hotspot\share\interpreter\linkResolver.cpp, line 784]
Event: 8.395 Thread 0x00000144fe952930 Exception <a 'java/lang/NoSuchMethodError'{0x00000000c3906b68}: 'int java.lang.invoke.Invokers$Holder.invokeExact_MT(java.lang.Object, java.lang.Object, java.lang.Object)'> (0x00000000c3906b68) 
thrown [s\src\hotspot\share\interpreter\linkResolver.cpp, line 784]
Event: 8.946 Thread 0x00000144fe952930 Exception <a 'java/lang/NoSuchMethodError'{0x00000000c4138828}: 'java.lang.Object java.lang.invoke.DirectMethodHandle$Holder.invokeStatic(java.lang.Object, java.lang.Object, java.lang.Object, java.lang.Object, int, java.lang.Object)'> (0x00000000c4138828) 
thrown [s\src\hotspot\share\interpreter\linkResolver.cpp, line 784]
Event: 8.967 Thread 0x00000144fe952930 Exception <a 'java/lang/NoSuchMethodError'{0x00000000c403d6f0}: 'long java.lang.invoke.DirectMethodHandle$Holder.invokeStatic(java.lang.Object, java.lang.Object, int)'> (0x00000000c403d6f0) 
thrown [s\src\hotspot\share\interpreter\linkResolver.cpp, line 784]
Event: 8.968 Thread 0x00000144fe952930 Exception <a 'java/lang/NoSuchMethodError'{0x00000000c404a268}: 'java.lang.Object java.lang.invoke.DelegatingMethodHandle$Holder.reinvoke_L(java.lang.Object, int, long, java.lang.Object, java.lang.Object, int, java.lang.Object)'> (0x00000000c404a268) 
thrown [s\src\hotspot\share\interpreter\linkResolver.cpp, line 784]
Event: 9.238 Thread 0x00000144fe952930 Exception <a 'java/lang/NoSuchMethodError'{0x00000000ce5f15d0}: 'java.lang.Object java.lang.invoke.Invokers$Holder.invokeExact_MT(java.lang.Object, java.lang.Object, long, java.lang.Object)'> (0x00000000ce5f15d0) 
thrown [s\src\hotspot\share\interpreter\linkResolver.cpp, line 784]
Event: 9.321 Thread 0x00000144fe952930 Implicit null exception at 0x0000014487ba7066 to 0x0000014487ba7c08
Event: 9.676 Thread 0x00000144fe952930 Implicit null exception at 0x0000014487ccd1cf to 0x0000014487ccf358
Event: 9.676 Thread 0x00000144fe952930 Implicit null exception at 0x0000014487bdd527 to 0x0000014487bddb88

ZGC Phase Switch (0 events):
No events

VM Operations (20 events):
Event: 9.225 Executing VM operation: G1PauseCleanup done
Event: 9.280 Executing VM operation: HandshakeAllThreads (Deoptimize)
Event: 9.280 Executing VM operation: HandshakeAllThreads (Deoptimize) done
Event: 9.433 Executing VM operation: HandshakeAllThreads (Deoptimize)
Event: 9.433 Executing VM operation: HandshakeAllThreads (Deoptimize) done
Event: 9.489 Executing VM operation: G1CollectForAllocation (G1 Evacuation Pause)
Event: 9.671 Executing VM operation: G1CollectForAllocation (G1 Evacuation Pause) done
Event: 10.095 Executing VM operation: G1CollectForAllocation (G1 Evacuation Pause)
Event: 10.100 Executing VM operation: G1CollectForAllocation (G1 Evacuation Pause) done
Event: 10.213 Executing VM operation: G1TryInitiateConcMark (G1 Humongous Allocation)
Event: 10.215 Executing VM operation: G1TryInitiateConcMark (G1 Humongous Allocation) done
Event: 10.238 Executing VM operation: G1PauseRemark
Event: 10.240 Executing VM operation: G1PauseRemark done
Event: 10.250 Executing VM operation: G1PauseCleanup
Event: 10.251 Executing VM operation: G1PauseCleanup done
Event: 11.254 Executing VM operation: Cleanup
Event: 11.254 Executing VM operation: Cleanup done
Event: 12.266 Executing VM operation: Cleanup
Event: 13.105 Executing VM operation: Cleanup done
Event: 13.110 Executing VM operation: G1CollectForAllocation (G1 Evacuation Pause)

Memory protections (0 events):
No events

Nmethod flushes (20 events):
Event: 10.239 Thread 0x00000144fc921670 flushing  nmethod 0x00000144802df210
Event: 10.239 Thread 0x00000144fc921670 flushing  nmethod 0x0000014480330610
Event: 10.239 Thread 0x00000144fc921670 flushing  nmethod 0x0000014480445e90
Event: 10.239 Thread 0x00000144fc921670 flushing  nmethod 0x0000014480480090
Event: 10.239 Thread 0x00000144fc921670 flushing  nmethod 0x0000014480480710
Event: 10.239 Thread 0x00000144fc921670 flushing  nmethod 0x0000014480486490
Event: 10.239 Thread 0x00000144fc921670 flushing  nmethod 0x0000014487af2490
Event: 10.239 Thread 0x00000144fc921670 flushing  nmethod 0x0000014487bb1c90
Event: 10.239 Thread 0x00000144fc921670 flushing  nmethod 0x0000014487d6a490
Event: 10.239 Thread 0x00000144fc921670 flushing  nmethod 0x00000144800aac10
Event: 10.239 Thread 0x00000144fc921670 flushing  nmethod 0x00000144800ad710
Event: 10.239 Thread 0x00000144fc921670 flushing  nmethod 0x00000144800adb90
Event: 10.239 Thread 0x00000144fc921670 flushing  nmethod 0x00000144800b1390
Event: 10.239 Thread 0x00000144fc921670 flushing  nmethod 0x0000014480106890
Event: 10.239 Thread 0x00000144fc921670 flushing  nmethod 0x0000014480106d90
Event: 10.239 Thread 0x00000144fc921670 flushing  nmethod 0x000001448017b610
Event: 10.239 Thread 0x00000144fc921670 flushing  nmethod 0x000001448023d290
Event: 10.239 Thread 0x00000144fc921670 flushing  nmethod 0x0000014480281b10
Event: 10.239 Thread 0x00000144fc921670 flushing  nmethod 0x0000014480414610
Event: 10.239 Thread 0x00000144fc921670 flushing  nmethod 0x000001448046b590

Events (20 events):
Event: 5.481 Thread 0x00000144fe952930 Thread added: 0x00000144930327d0
Event: 5.520 Thread 0x00000144fe952930 Thread added: 0x0000014493033b80
Event: 5.875 Thread 0x00000144fe952930 Thread added: 0x00000144930334f0
Event: 5.890 Thread 0x00000144930334f0 Thread added: 0x0000014493030700
Event: 5.890 Thread 0x00000144930334f0 Thread added: 0x0000014493034f30
Event: 6.112 Thread 0x00000144ff43b5b0 Thread exited: 0x00000144ff43b5b0
Event: 6.112 Thread 0x00000144fdaaea80 Thread exited: 0x00000144fdaaea80
Event: 6.196 Thread 0x00000144fc983ab0 Thread added: 0x00000144fdd53420
Event: 6.331 Thread 0x00000144fc9bd1e0 Thread added: 0x00000144fdd52680
Event: 6.484 Thread 0x00000144fe952930 Thread added: 0x0000014493035c50
Event: 6.558 Thread 0x00000144fe952930 Thread added: 0x00000144930362e0
Event: 6.824 Thread 0x00000144fe952930 Thread added: 0x0000014493036970
Event: 7.319 Thread 0x00000144fdd53420 Thread exited: 0x00000144fdd53420
Event: 7.319 Thread 0x00000144fdd52680 Thread exited: 0x00000144fdd52680
Event: 9.264 Thread 0x00000144fc983ab0 Thread added: 0x00000144fdd51210
Event: 9.355 Thread 0x00000144fc9bd1e0 Thread added: 0x00000144fdd50b40
Event: 9.859 Thread 0x00000144fdd50b40 Thread exited: 0x00000144fdd50b40
Event: 9.907 Thread 0x00000144fdd51210 Thread exited: 0x00000144fdd51210
Event: 10.267 Thread 0x00000144fc983ab0 Thread added: 0x00000144fdd53af0
Event: 11.398 Thread 0x00000144fdd53af0 Thread exited: 0x00000144fdd53af0


Dynamic libraries:
0x00007ff735780000 - 0x00007ff73578a000 	C:\Program Files\Android\Android Studio\jbr\bin\java.exe
0x00007ffb62a80000 - 0x00007ffb62ce7000 	C:\WINDOWS\SYSTEM32\ntdll.dll
0x00007ffb61df0000 - 0x00007ffb61eb9000 	C:\WINDOWS\System32\KERNEL32.DLL
0x00007ffb602b0000 - 0x00007ffb6069f000 	C:\WINDOWS\System32\KERNELBASE.dll
0x00007ffb5fe10000 - 0x00007ffb5ff5b000 	C:\WINDOWS\System32\ucrtbase.dll
0x00007ffb43190000 - 0x00007ffb431ab000 	C:\Program Files\Android\Android Studio\jbr\bin\VCRUNTIME140.dll
0x00007ffb43aa0000 - 0x00007ffb43ab8000 	C:\Program Files\Android\Android Studio\jbr\bin\jli.dll
0x00007ffb60db0000 - 0x00007ffb60f75000 	C:\WINDOWS\System32\USER32.dll
0x00007ffb4a1f0000 - 0x00007ffb4a483000 	C:\WINDOWS\WinSxS\amd64_microsoft.windows.common-controls_6595b64144ccf1df_6.0.26100.7309_none_3e05feeae336a044\COMCTL32.dll
0x00007ffb601d0000 - 0x00007ffb601f7000 	C:\WINDOWS\System32\win32u.dll
0x00007ffb625d0000 - 0x00007ffb62679000 	C:\WINDOWS\System32\msvcrt.dll
0x00007ffb61ec0000 - 0x00007ffb61eeb000 	C:\WINDOWS\System32\GDI32.dll
0x00007ffb60010000 - 0x00007ffb6013c000 	C:\WINDOWS\System32\gdi32full.dll
0x00007ffb5ff60000 - 0x00007ffb60003000 	C:\WINDOWS\System32\msvcp_win.dll
0x00007ffb62840000 - 0x00007ffb62871000 	C:\WINDOWS\System32\IMM32.DLL
0x00007ffb4c870000 - 0x00007ffb4c87c000 	C:\Program Files\Android\Android Studio\jbr\bin\vcruntime140_1.dll
0x00007ffb42c20000 - 0x00007ffb42cad000 	C:\Program Files\Android\Android Studio\jbr\bin\msvcp140.dll
0x00007ffaabe90000 - 0x00007ffaacb26000 	C:\Program Files\Android\Android Studio\jbr\bin\server\jvm.dll
0x00007ffb60c60000 - 0x00007ffb60d14000 	C:\WINDOWS\System32\ADVAPI32.dll
0x00007ffb61d40000 - 0x00007ffb61de6000 	C:\WINDOWS\System32\sechost.dll
0x00007ffb62890000 - 0x00007ffb629a8000 	C:\WINDOWS\System32\RPCRT4.dll
0x00007ffb60ae0000 - 0x00007ffb60b54000 	C:\WINDOWS\System32\WS2_32.dll
0x00007ffb5fa30000 - 0x00007ffb5fa8e000 	C:\WINDOWS\SYSTEM32\POWRPROF.dll
0x00007ffb58c40000 - 0x00007ffb58c75000 	C:\WINDOWS\SYSTEM32\WINMM.dll
0x00007ffb590c0000 - 0x00007ffb590cb000 	C:\WINDOWS\SYSTEM32\VERSION.dll
0x00007ffb5fa10000 - 0x00007ffb5fa24000 	C:\WINDOWS\SYSTEM32\UMPDC.dll
0x00007ffb5e980000 - 0x00007ffb5e99b000 	C:\WINDOWS\SYSTEM32\kernel.appcore.dll
0x00007ffb4c6f0000 - 0x00007ffb4c6fa000 	C:\Program Files\Android\Android Studio\jbr\bin\jimage.dll
0x00007ffb5d330000 - 0x00007ffb5d572000 	C:\WINDOWS\SYSTEM32\DBGHELP.DLL
0x00007ffb61f20000 - 0x00007ffb622a6000 	C:\WINDOWS\System32\combase.dll
0x00007ffb60820000 - 0x00007ffb608f6000 	C:\WINDOWS\System32\OLEAUT32.dll
0x00007ffb4a190000 - 0x00007ffb4a1cc000 	C:\WINDOWS\SYSTEM32\dbgcore.DLL
0x00007ffb60200000 - 0x00007ffb602a5000 	C:\WINDOWS\System32\bcryptPrimitives.dll
0x00007ffb440b0000 - 0x00007ffb440be000 	C:\Program Files\Android\Android Studio\jbr\bin\instrument.dll
0x00007ffb43170000 - 0x00007ffb43190000 	C:\Program Files\Android\Android Studio\jbr\bin\java.dll
0x00007ffb43150000 - 0x00007ffb43168000 	C:\Program Files\Android\Android Studio\jbr\bin\zip.dll
0x00007ffb60f80000 - 0x00007ffb616d3000 	C:\WINDOWS\System32\SHELL32.dll
0x00007ffb606b0000 - 0x00007ffb6081a000 	C:\WINDOWS\System32\wintypes.dll
0x00007ffb5d7c0000 - 0x00007ffb5e01e000 	C:\WINDOWS\SYSTEM32\windows.storage.dll
0x00007ffb60b60000 - 0x00007ffb60c55000 	C:\WINDOWS\System32\SHCORE.dll
0x00007ffb61b70000 - 0x00007ffb61bd6000 	C:\WINDOWS\System32\shlwapi.dll
0x00007ffb5faf0000 - 0x00007ffb5fb19000 	C:\WINDOWS\SYSTEM32\profapi.dll
0x00007ffb4c640000 - 0x00007ffb4c650000 	C:\Program Files\Android\Android Studio\jbr\bin\net.dll
0x00007ffb55300000 - 0x00007ffb55428000 	C:\WINDOWS\SYSTEM32\WINHTTP.dll
0x00007ffb5eef0000 - 0x00007ffb5ef5b000 	C:\WINDOWS\system32\mswsock.dll
0x00007ffb42780000 - 0x00007ffb42796000 	C:\Program Files\Android\Android Studio\jbr\bin\nio.dll
0x00007ffb4a060000 - 0x00007ffb4a070000 	C:\Program Files\Android\Android Studio\jbr\bin\verify.dll
0x00007ffb34880000 - 0x00007ffb348a7000 	C:\Users\Luka\.gradle\native\1def1411415f61bf3af743bc5b6707747c0891f09f0c88961ee8f79bc544acac\windows-amd64\native-platform.dll
0x00007ffb094a0000 - 0x00007ffb09518000 	C:\Users\Luka\.gradle\native\0.2.7\x86_64-windows-gnu\gradle-fileevents.dll
0x00007ffb49840000 - 0x00007ffb49849000 	C:\Program Files\Android\Android Studio\jbr\bin\management.dll
0x00007ffb495c0000 - 0x00007ffb495cb000 	C:\Program Files\Android\Android Studio\jbr\bin\management_ext.dll
0x00007ffb62400000 - 0x00007ffb62408000 	C:\WINDOWS\System32\PSAPI.DLL
0x00007ffb5e350000 - 0x00007ffb5e384000 	C:\WINDOWS\SYSTEM32\IPHLPAPI.DLL
0x00007ffb60da0000 - 0x00007ffb60daa000 	C:\WINDOWS\System32\NSI.dll
0x00007ffb47400000 - 0x00007ffb47409000 	C:\Program Files\Android\Android Studio\jbr\bin\extnet.dll
0x00007ffb5f1b0000 - 0x00007ffb5f1cb000 	C:\WINDOWS\SYSTEM32\CRYPTSP.dll
0x00007ffb5e8e0000 - 0x00007ffb5e91a000 	C:\WINDOWS\system32\rsaenh.dll
0x00007ffb5efa0000 - 0x00007ffb5efcb000 	C:\WINDOWS\SYSTEM32\USERENV.dll
0x00007ffb5fac0000 - 0x00007ffb5faea000 	C:\WINDOWS\SYSTEM32\bcrypt.dll
0x00007ffb5f1d0000 - 0x00007ffb5f1dc000 	C:\WINDOWS\SYSTEM32\CRYPTBASE.dll
0x00007ffb2bfe0000 - 0x00007ffb2bfe8000 	C:\WINDOWS\system32\wshunix.dll

JVMTI agents:
C:\Users\Luka\.gradle\wrapper\dists\gradle-8.14.3-bin\cv11ve7ro1n3o1j4so8xd9n66\gradle-8.14.3\lib\agents\gradle-instrumentation-agent-8.14.3.jar path:C:\Program Files\Android\Android Studio\jbr\bin\instrument.dll, loaded, initialized, instrumentlib options:none

dbghelp: loaded successfully - version: 4.0.5 - missing functions: none
symbol engine: initialized successfully - sym options: 0x614 - pdb path: .;C:\Program Files\Android\Android Studio\jbr\bin;C:\WINDOWS\SYSTEM32;C:\WINDOWS\WinSxS\amd64_microsoft.windows.common-controls_6595b64144ccf1df_6.0.26100.7309_none_3e05feeae336a044;C:\Program Files\Android\Android Studio\jbr\bin\server;C:\Users\Luka\.gradle\native\1def1411415f61bf3af743bc5b6707747c0891f09f0c88961ee8f79bc544acac\windows-amd64;C:\Users\Luka\.gradle\native\0.2.7\x86_64-windows-gnu

VM Arguments:
jvm_args: --add-opens=java.base/java.lang=ALL-UNNAMED --add-opens=java.base/java.lang.invoke=ALL-UNNAMED --add-opens=java.base/java.util=ALL-UNNAMED --add-opens=java.prefs/java.util.prefs=ALL-UNNAMED --add-exports=jdk.compiler/com.sun.tools.javac.api=ALL-UNNAMED --add-exports=jdk.compiler/com.sun.tools.javac.util=ALL-UNNAMED --add-opens=java.base/java.util=ALL-UNNAMED --add-opens=java.prefs/java.util.prefs=ALL-UNNAMED --add-opens=java.base/java.nio.charset=ALL-UNNAMED --add-opens=java.base/java.net=ALL-UNNAMED --add-opens=java.base/java.util.concurrent.atomic=ALL-UNNAMED --add-opens=java.xml/javax.xml.namespace=ALL-UNNAMED -XX:MaxMetaspaceSize=256m -Xmx1024m -Dfile.encoding=UTF-8 -Duser.country=HR -Duser.language=hr -Duser.variant -javaagent:C:\Users\Luka\.gradle\wrapper\dists\gradle-8.14.3-bin\cv11ve7ro1n3o1j4so8xd9n66\gradle-8.14.3\lib\agents\gradle-instrumentation-agent-8.14.3.jar 
java_command: org.gradle.launcher.daemon.bootstrap.GradleDaemon 8.14.3
java_class_path (initial): C:\Users\Luka\.gradle\wrapper\dists\gradle-8.14.3-bin\cv11ve7ro1n3o1j4so8xd9n66\gradle-8.14.3\lib\gradle-daemon-main-8.14.3.jar
Launcher Type: SUN_STANDARD

[Global flags]
     intx CICompilerCount                          = 4                                         {product} {ergonomic}
   size_t CompressedClassSpaceSize                 = 218103808                                 {product} {ergonomic}
     uint ConcGCThreads                            = 3                                         {product} {ergonomic}
     uint G1ConcRefinementThreads                  = 10                                        {product} {ergonomic}
   size_t G1HeapRegionSize                         = 1048576                                   {product} {ergonomic}
    uintx GCDrainStackTargetSize                   = 64                                        {product} {ergonomic}
   size_t InitialHeapSize                          = 257949696                                 {product} {ergonomic}
   size_t MarkStackSize                            = 4194304                                   {product} {ergonomic}
   size_t MaxHeapSize                              = 1073741824                                {product} {command line}
   size_t MaxMetaspaceSize                         = 268435456                                 {product} {command line}
   size_t MaxNewSize                               = 643825664                                 {product} {ergonomic}
   size_t MinHeapDeltaBytes                        = 1048576                                   {product} {ergonomic}
   size_t MinHeapSize                              = 8388608                                   {product} {ergonomic}
    uintx NonNMethodCodeHeapSize                   = 5839372                                {pd product} {ergonomic}
    uintx NonProfiledCodeHeapSize                  = 122909434                              {pd product} {ergonomic}
    uintx ProfiledCodeHeapSize                     = 122909434                              {pd product} {ergonomic}
    uintx ReservedCodeCacheSize                    = 251658240                              {pd product} {ergonomic}
     bool SegmentedCodeCache                       = true                                      {product} {ergonomic}
   size_t SoftMaxHeapSize                          = 1073741824                             {manageable} {ergonomic}
     bool UseCompressedOops                        = true                           {product lp64_product} {ergonomic}
     bool UseG1GC                                  = true                                      {product} {ergonomic}
     bool UseLargePagesIndividualAllocation        = false                                  {pd product} {ergonomic}

Logging:
Log output configuration:
 #0: stdout all=warning uptime,level,tags foldmultilines=false
 #1: stderr all=off uptime,level,tags foldmultilines=false

Environment Variables:
JAVA_HOME=C:\Program Files\Android\Android Studio\jbr
PATH=C:\Program Files\Android\Android Studio\jbr\bin;C:\Program Files\Eclipse Adoptium\jdk-25.0.1.8-hotspot\bin;C:\Program Files (x86)\Common Files\Oracle\Java\java8path;C:\Program Files (x86)\Common Files\Oracle\Java\javapath;C:\Program Files\Eclipse Adoptium\jdk-25.0.1.8-hotspot\bin;C:\Windows\system32;C:\Windows;C:\Windows\System32\Wbem;C:\Windows\System32\WindowsPowerShell\v1.0\;C:\Windows\System32\OpenSSH\;C:\Program Files\NVIDIA Corporation\NVIDIA NvDLISR;C:\WINDOWS\system32;C:\WINDOWS;C:\WINDOWS\System32\Wbem;C:\WINDOWS\System32\WindowsPowerShell\v1.0\;C:\WINDOWS\System32\OpenSSH\;C:\Program Files\nodejs\;C:\Program Files\Git\cmd;C:\Users\Luka\AppData\Local\Programs\Python\Launcher\;C:\Users\Luka\AppData\Local\Microsoft\WindowsApps;C:\Users\Luka\AppData\Local\Programs\Antigravity\bin;C:\Users\Luka\AppData\Roaming\npm
USERNAME=Luka
LANG=en_US.UTF-8
OS=Windows_NT
PROCESSOR_IDENTIFIER=AMD64 Family 23 Model 104 Stepping 1, AuthenticAMD
TMP=C:\Users\Luka\AppData\Local\Temp
TEMP=C:\Users\Luka\AppData\Local\Temp




Periodic native trim disabled

JNI global refs:
JNI global refs: 26, weak refs: 0

JNI global refs memory usage: 835, weak refs: 201

Process memory usage:
Resident Set Size: 321784K (2% of 16083516K total physical memory with 2105556K free physical memory)

OOME stack traces (most recent first):
Classloader memory used:
Loader org.gradle.internal.classloader.VisitableURLClassLoader                         : 54685K
Loader bootstrap                                                                       : 22608K
Loader org.gradle.initialization.MixInLegacyTypesClassLoader                           : 4508K
Loader jdk.internal.loader.ClassLoaders$PlatformClassLoader                            : 535K
Loader jdk.internal.jrtfs.JrtFileSystemProvider$JrtFsLoader                            : 316K
Loader jdk.internal.loader.ClassLoaders$AppClassLoader                                 : 236K
Loader org.gradle.groovy.scripts.internal.DefaultScriptCompilationHandler$ScriptClassLoader: 42128B
Loader org.codehaus.groovy.runtime.callsite.CallSiteClassLoader                        : 15904B
Loader jdk.internal.reflect.DelegatingClassLoader                                      : 3536B

Classes loaded by more than one classloader:
Class org.gradle.internal.classloader.FilteringClassLoader                            : loaded 2 times (x 105B)
Class jdk.internal.jimage.BasicImageReader                                            : loaded 2 times (x 95B)
Class org.gradle.internal.classloader.ClassLoaderHierarchy                            : loaded 2 times (x 70B)
Class org.gradle.api.internal.classpath.ManifestUtil                                  : loaded 2 times (x 71B)
Class jdk.internal.jimage.decompressor.StringSharingDecompressorFactory               : loaded 2 times (x 74B)
Class org.gradle.internal.classloader.DefaultClassLoaderFactory                       : loaded 2 times (x 82B)
Class org.gradle.internal.classloader.ClassLoaderVisitor                              : loaded 2 times (x 76B)
Class org.gradle.api.internal.classpath.EffectiveClassPath                            : loaded 2 times (x 90B)
Class org.gradle.api.internal.DefaultClassPathProvider                                : loaded 2 times (x 76B)
Class [Lorg.gradle.api.internal.ClassPathProvider;                                    : loaded 2 times (x 69B)
Class org.gradle.api.internal.ClassPathProvider                                       : loaded 2 times (x 70B)
Class jdk.internal.jrtfs.SystemImage                                                  : loaded 2 times (x 74B)
Class org.gradle.internal.service.UnknownServiceException                             : loaded 2 times (x 83B)
Class org.gradle.internal.classpath.TransformedClassPath                              : loaded 2 times (x 96B)
Class org.gradle.internal.classloader.InstrumentingClassLoader                        : loaded 2 times (x 70B)
Class jdk.internal.jrtfs.SystemImage$1                                                : loaded 2 times (x 78B)
Class jdk.internal.jrtfs.SystemImage$2                                                : loaded 2 times (x 76B)
Class org.gradle.internal.service.ServiceLocator                                      : loaded 2 times (x 70B)
Class jdk.internal.jrtfs.JrtFileSystemProvider                                        : loaded 2 times (x 101B)
Class jdk.internal.jimage.ImageLocation                                               : loaded 2 times (x 90B)
Class jdk.internal.jrtfs.JrtDirectoryStream$1                                         : loaded 2 times (x 83B)
Class org.gradle.internal.InternalTransformer                                         : loaded 2 times (x 70B)
Class jdk.internal.jimage.ImageBufferCache$1                                          : loaded 2 times (x 83B)
Class org.gradle.internal.classloader.ClasspathUtil$1                                 : loaded 2 times (x 76B)
Class jdk.internal.jimage.ImageBufferCache$2                                          : loaded 2 times (x 91B)
Class org.gradle.api.internal.classpath.DefaultModuleRegistry$DefaultModule           : loaded 2 times (x 86B)
Class org.gradle.api.internal.classpath.Module                                        : loaded 2 times (x 70B)
Class org.gradle.api.internal.classpath.UnknownModuleException                        : loaded 2 times (x 82B)
Class jdk.internal.jimage.ImageHeader                                                 : loaded 2 times (x 71B)
Class org.gradle.api.internal.DefaultClassPathRegistry                                : loaded 2 times (x 76B)
Class org.gradle.api.internal.ClassPathRegistry                                       : loaded 2 times (x 70B)
Class org.gradle.internal.classpath.DefaultClassPath$ImmutableUniqueList              : loaded 2 times (x 199B)
Class jdk.internal.jimage.decompressor.ResourceDecompressor                           : loaded 2 times (x 70B)
Class org.gradle.internal.classpath.ClassPath                                         : loaded 2 times (x 70B)
Class org.gradle.api.UncheckedIOException                                             : loaded 2 times (x 82B)
Class jdk.internal.jimage.ImageStringsReader                                          : loaded 2 times (x 80B)
Class jdk.internal.jimage.ImageReader                                                 : loaded 2 times (x 75B)
Class jdk.internal.jimage.ImageReader$SharedImageReader                               : loaded 2 times (x 95B)
Class org.gradle.internal.installation.GradleInstallation$1                           : loaded 2 times (x 75B)
Class org.gradle.api.internal.classpath.ModuleRegistry                                : loaded 2 times (x 70B)
Class jdk.internal.jimage.decompressor.ResourceDecompressorFactory                    : loaded 2 times (x 74B)
Class jdk.internal.jimage.ImageReader$Node                                            : loaded 2 times (x 84B)
Class org.gradle.api.internal.classpath.DefaultModuleRegistry                         : loaded 2 times (x 86B)
Class jdk.internal.jimage.BasicImageReader$1                                          : loaded 2 times (x 77B)
Class jdk.internal.jimage.decompressor.Decompressor                                   : loaded 2 times (x 72B)
Class jdk.internal.jimage.ImageReader$Resource                                        : loaded 2 times (x 84B)
Class org.gradle.internal.service.ServiceLookupException                              : loaded 2 times (x 82B)
Class jdk.internal.jrtfs.JrtFileAttributes                                            : loaded 2 times (x 83B)
Class org.gradle.internal.classloader.ClassLoaderFactory                              : loaded 2 times (x 70B)
Class org.gradle.internal.service.CachingServiceLocator                               : loaded 2 times (x 82B)
Class jdk.internal.jimage.ImageBufferCache                                            : loaded 2 times (x 71B)
Class jdk.internal.jrtfs.JrtPath                                                      : loaded 2 times (x 118B)
Class org.gradle.internal.classloader.ClasspathUtil                                   : loaded 2 times (x 71B)
Class org.gradle.api.specs.Spec                                                       : loaded 2 times (x 70B)
Class jdk.internal.jimage.ImageReader$SharedImageReader$LocationVisitor               : loaded 2 times (x 70B)
Class jdk.internal.jimage.decompressor.ResourceDecompressorRepository                 : loaded 2 times (x 71B)
Class jdk.internal.jimage.ImageReader$Directory                                       : loaded 2 times (x 84B)
Class org.gradle.internal.classloader.VisitableURLClassLoader$InstrumentingVisitableURLClassLoader: loaded 2 times (x 123B)
Class org.gradle.internal.classloader.VisitableURLClassLoader$Spec                    : loaded 2 times (x 74B)
Class org.gradle.internal.classpath.DefaultClassPath                                  : loaded 2 times (x 90B)
Class jdk.internal.jimage.decompressor.ZipDecompressorFactory                         : loaded 2 times (x 74B)
Class org.gradle.internal.classloader.ClassLoaderSpec                                 : loaded 2 times (x 71B)
Class org.gradle.internal.classloader.VisitableURLClassLoader                         : loaded 2 times (x 117B)
Class org.gradle.internal.Cast                                                        : loaded 2 times (x 71B)
Class org.gradle.api.Action                                                           : loaded 2 times (x 70B)
Class jdk.internal.jimage.decompressor.ZipDecompressor                                : loaded 2 times (x 75B)
Class org.gradle.internal.classpath.DefaultClassPath$ImmutableUniqueList$Builder      : loaded 2 times (x 75B)
Class org.gradle.api.GradleException                                                  : loaded 2 times (x 82B)
Class jdk.internal.jimage.ImageStrings                                                : loaded 2 times (x 70B)
Class org.gradle.internal.IoActions                                                   : loaded 2 times (x 71B)
Class org.gradle.internal.classloader.SystemClassLoaderSpec                           : loaded 2 times (x 71B)
Class jdk.internal.jrtfs.JrtFileSystem                                                : loaded 2 times (x 102B)
Class jdk.internal.jimage.decompressor.CompressedResourceHeader                       : loaded 2 times (x 71B)
Class org.gradle.api.internal.classpath.GlobalCacheRootsProvider                      : loaded 2 times (x 70B)
Class org.gradle.internal.installation.CurrentGradleInstallationLocator               : loaded 2 times (x 71B)
Class org.gradle.internal.service.DefaultServiceLocator                               : loaded 2 times (x 83B)
Class jdk.internal.jrtfs.JrtDirectoryStream                                           : loaded 2 times (x 89B)
Class org.gradle.internal.installation.CurrentGradleInstallation                      : loaded 2 times (x 73B)
Class org.gradle.util.internal.GUtil                                                  : loaded 2 times (x 71B)
Class org.gradle.internal.installation.GradleInstallation                             : loaded 2 times (x 75B)
Class jdk.internal.jimage.decompressor.ResourceDecompressor$StringsProvider           : loaded 2 times (x 70B)

---------------  S Y S T E M  ---------------

OS:
 Windows 11 , 64 bit Build 26100 (10.0.26100.7623)
OS uptime: 21 days 3:02 hours
Hyper-V role detected

CPU: total 12 (initial active 12) (12 cores per cpu, 2 threads per core) family 23 model 104 stepping 1 microcode 0x8608103, cx8, cmov, fxsr, ht, mmx, 3dnowpref, sse, sse2, sse3, ssse3, sse4a, sse4.1, sse4.2, popcnt, lzcnt, tsc, tscinvbit, avx, avx2, aes, clmul, bmi1, bmi2, adx, sha, fma, vzeroupper, clflush, clflushopt, hv, rdtscp, rdpid, f16c
Processor Information for the first 12 processors :
  Max Mhz: 2100, Current Mhz: 2100, Mhz Limit: 2100

Memory: 4k page, system-wide physical 15706M (2056M free)
TotalPageFile size 23898M (AvailPageFile size 6M)
current process WorkingSet (physical memory assigned to process): 314M, peak: 333M
current process commit charge ("private bytes"): 354M, peak: 379M

vm_info: OpenJDK 64-Bit Server VM (21.0.8+-14196175-b1038.72) for windows-amd64 JRE (21.0.8+-14196175-b1038.72), built on 2025-10-01T10:24:33Z by "builder" with MS VC++ 16.10 / 16.11 (VS2019)

END.
